[    0.000000] Linux version 4.15.0-194-generic (buildd@lcy02-amd64-052) (gcc version 7.5.0 (Ubuntu 7.5.0-3ubuntu1~18.04)) #205-Ubuntu SMP Fri Sep 16 19:49:27 UTC 2022 (Ubuntu 4.15.0-194.205-generic 4.15.18)
[    0.000000] Command line: BOOT_IMAGE=/boot/vmlinuz-4.15.0-194-generic root=LABEL=cloudimg-rootfs ro console=tty1 console=ttyS0
[    0.000000] KERNEL supported cpus:
[    0.000000]   Intel GenuineIntel
[    0.000000]   AMD AuthenticAMD
[    0.000000]   Centaur CentaurHauls
[    0.000000] x86/fpu: Supporting XSAVE feature 0x001: 'x87 floating point registers'
[    0.000000] x86/fpu: Supporting XSAVE feature 0x002: 'SSE registers'
[    0.000000] x86/fpu: Supporting XSAVE feature 0x004: 'AVX registers'
[    0.000000] x86/fpu: xstate_offset[2]:  576, xstate_sizes[2]:  256
[    0.000000] x86/fpu: Enabled xstate features 0x7, context size is 832 bytes, using 'standard' format.
[    0.000000] e820: BIOS-provided physical RAM map:
[    0.000000] BIOS-e820: [mem 0x0000000000000000-0x000000000009fbff] usable
[    0.000000] BIOS-e820: [mem 0x000000000009fc00-0x000000000009ffff] reserved
[    0.000000] BIOS-e820: [mem 0x00000000000f0000-0x00000000000fffff] reserved
[    0.000000] BIOS-e820: [mem 0x0000000000100000-0x000000007ffeffff] usable
[    0.000000] BIOS-e820: [mem 0x000000007fff0000-0x000000007fffffff] ACPI data
[    0.000000] BIOS-e820: [mem 0x00000000fec00000-0x00000000fec00fff] reserved
[    0.000000] BIOS-e820: [mem 0x00000000fee00000-0x00000000fee00fff] reserved
[    0.000000] BIOS-e820: [mem 0x00000000fffc0000-0x00000000ffffffff] reserved
[    0.000000] NX (Execute Disable) protection: active
[    0.000000] SMBIOS 2.5 present.
[    0.000000] DMI: innotek GmbH VirtualBox/VirtualBox, BIOS VirtualBox 12/01/2006
[    0.000000] Hypervisor detected: KVM
[    0.000000] e820: last_pfn = 0x7fff0 max_arch_pfn = 0x400000000
[    0.000000] MTRR: Disabled
[    0.000000] x86/PAT: MTRRs disabled, skipping PAT initialization too.
[    0.000000] CPU MTRRs all blank - virtualized system.
[    0.000000] x86/PAT: Configuration [0-7]: WB  WT  UC- UC  WB  WT  UC- UC  
[    0.000000] found SMP MP-table at [mem 0x0009fff0-0x0009ffff]
[    0.000000] Scanning 1 areas for low memory corruption
[    0.000000] RAMDISK: [mem 0x359c9000-0x36cdbfff]
[    0.000000] ACPI: Early table checksum verification disabled
[    0.000000] ACPI: RSDP 0x00000000000E0000 000024 (v02 VBOX  )
[    0.000000] ACPI: XSDT 0x000000007FFF0030 00003C (v01 VBOX   VBOXXSDT 00000001 ASL  00000061)
[    0.000000] ACPI: FACP 0x000000007FFF00F0 0000F4 (v04 VBOX   VBOXFACP 00000001 ASL  00000061)
[    0.000000] ACPI: DSDT 0x000000007FFF0470 002325 (v02 VBOX   VBOXBIOS 00000002 INTL 20100528)
[    0.000000] ACPI: FACS 0x000000007FFF0200 000040
[    0.000000] ACPI: FACS 0x000000007FFF0200 000040
[    0.000000] ACPI: APIC 0x000000007FFF0240 00005C (v02 VBOX   VBOXAPIC 00000001 ASL  00000061)
[    0.000000] ACPI: SSDT 0x000000007FFF02A0 0001CC (v01 VBOX   VBOXCPUT 00000002 INTL 20100528)
[    0.000000] ACPI: Reserving FACP table memory at [mem 0x7fff00f0-0x7fff01e3]
[    0.000000] ACPI: Reserving DSDT table memory at [mem 0x7fff0470-0x7fff2794]
[    0.000000] ACPI: Reserving FACS table memory at [mem 0x7fff0200-0x7fff023f]
[    0.000000] ACPI: Reserving FACS table memory at [mem 0x7fff0200-0x7fff023f]
[    0.000000] ACPI: Reserving APIC table memory at [mem 0x7fff0240-0x7fff029b]
[    0.000000] ACPI: Reserving SSDT table memory at [mem 0x7fff02a0-0x7fff046b]
[    0.000000] No NUMA configuration found
[    0.000000] Faking a node at [mem 0x0000000000000000-0x000000007ffeffff]
[    0.000000] NODE_DATA(0) allocated [mem 0x7ffc5000-0x7ffeffff]
[    0.000000] kvm-clock: cpu 0, msr 0:7ff44001, primary cpu clock
[    0.000000] kvm-clock: Using msrs 4b564d01 and 4b564d00
[    0.000000] kvm-clock: using sched offset of 3093347992 cycles
[    0.000000] clocksource: kvm-clock: mask: 0xffffffffffffffff max_cycles: 0x1cd42e4dffb, max_idle_ns: 881590591483 ns
[    0.000000] Zone ranges:
[    0.000000]   DMA      [mem 0x0000000000001000-0x0000000000ffffff]
[    0.000000]   DMA32    [mem 0x0000000001000000-0x000000007ffeffff]
[    0.000000]   Normal   empty
[    0.000000]   Device   empty
[    0.000000] Movable zone start for each node
[    0.000000] Early memory node ranges
[    0.000000]   node   0: [mem 0x0000000000001000-0x000000000009efff]
[    0.000000]   node   0: [mem 0x0000000000100000-0x000000007ffeffff]
[    0.000000] Reserved but unavailable: 104 pages
[    0.000000] Initmem setup node 0 [mem 0x0000000000001000-0x000000007ffeffff]
[    0.000000] ACPI: PM-Timer IO Port: 0x4008
[    0.000000] IOAPIC[0]: apic_id 2, version 32, address 0xfec00000, GSI 0-23
[    0.000000] ACPI: INT_SRC_OVR (bus 0 bus_irq 0 global_irq 2 dfl dfl)
[    0.000000] ACPI: INT_SRC_OVR (bus 0 bus_irq 9 global_irq 9 low level)
[    0.000000] Using ACPI (MADT) for SMP configuration information
[    0.000000] smpboot: Allowing 2 CPUs, 0 hotplug CPUs
[    0.000000] PM: Registered nosave memory: [mem 0x00000000-0x00000fff]
[    0.000000] PM: Registered nosave memory: [mem 0x0009f000-0x0009ffff]
[    0.000000] PM: Registered nosave memory: [mem 0x000a0000-0x000effff]
[    0.000000] PM: Registered nosave memory: [mem 0x000f0000-0x000fffff]
[    0.000000] e820: [mem 0x80000000-0xfebfffff] available for PCI devices
[    0.000000] Booting paravirtualized kernel on KVM
[    0.000000] clocksource: refined-jiffies: mask: 0xffffffff max_cycles: 0xffffffff, max_idle_ns: 7645519600211568 ns
[    0.000000] setup_percpu: NR_CPUS:8192 nr_cpumask_bits:2 nr_cpu_ids:2 nr_node_ids:1
[    0.000000] percpu: Embedded 50 pages/cpu s167936 r8192 d28672 u1048576
[    0.000000] PV qspinlock hash table entries: 256 (order: 0, 4096 bytes)
[    0.000000] Built 1 zonelists, mobility grouping on.  Total pages: 515961
[    0.000000] Policy zone: DMA32
[    0.000000] Kernel command line: BOOT_IMAGE=/boot/vmlinuz-4.15.0-194-generic root=LABEL=cloudimg-rootfs ro console=tty1 console=ttyS0
[    0.000000] Memory: 2014840K/2096696K available (12300K kernel code, 2477K rwdata, 4320K rodata, 2472K init, 2720K bss, 81856K reserved, 0K cma-reserved)
[    0.000000] SLUB: HWalign=64, Order=0-3, MinObjects=0, CPUs=2, Nodes=1
[    0.000000] Kernel/User page tables isolation: enabled
[    0.000000] ftrace: allocating 39477 entries in 155 pages
[    0.004000] Hierarchical RCU implementation.
[    0.004000] 	RCU restricting CPUs from NR_CPUS=8192 to nr_cpu_ids=2.
[    0.004000] 	Tasks RCU enabled.
[    0.004000] RCU: Adjusting geometry for rcu_fanout_leaf=16, nr_cpu_ids=2
[    0.004000] NR_IRQS: 524544, nr_irqs: 440, preallocated irqs: 16
[    0.004000] random: crng init done
[    0.004000] Console: colour VGA+ 80x25
[    0.004000] console [tty1] enabled
[    0.004000] console [ttyS0] enabled
[    0.004000] ACPI: Core revision 20170831
[    0.004000] ACPI: 2 ACPI AML tables successfully acquired and loaded
[    0.004000] APIC: Switch to symmetric I/O mode setup
[    0.004000] x2apic enabled
[    0.004000] Switched APIC routing to physical x2apic.
[    0.004000] ..TIMER: vector=0x30 apic1=0 pin1=2 apic2=-1 pin2=-1
[    0.004006] tsc: Detected 1818.717 MHz processor
[    0.004598] Calibrating delay loop (skipped) preset value.. 3637.43 BogoMIPS (lpj=7274868)
[    0.005033] pid_max: default: 32768 minimum: 301
[    0.005684] Security Framework initialized
[    0.006214] Yama: becoming mindful.
[    0.006685] AppArmor: AppArmor initialized
[    0.008876] Dentry cache hash table entries: 262144 (order: 9, 2097152 bytes)
[    0.010275] Inode-cache hash table entries: 131072 (order: 8, 1048576 bytes)
[    0.011125] Mount-cache hash table entries: 4096 (order: 3, 32768 bytes)
[    0.011914] Mountpoint-cache hash table entries: 4096 (order: 3, 32768 bytes)
[    0.012507] Last level iTLB entries: 4KB 0, 2MB 0, 4MB 0
[    0.013487] Last level dTLB entries: 4KB 0, 2MB 0, 4MB 0, 1GB 0
[    0.014324] Spectre V1 : Mitigation: usercopy/swapgs barriers and __user pointer sanitization
[    0.016004] Spectre V2 : Mitigation: Retpolines
[    0.016684] Spectre V2 : Spectre v2 / SpectreRSB mitigation: Filling RSB on context switch
[    0.017973] Speculative Store Bypass: Vulnerable
[    0.018808] MDS: Mitigation: Clear CPU buffers
[    0.020195] Freeing SMP alternatives memory: 36K
[    0.133737] smpboot: CPU0: 11th Gen Intel(R) Core(TM) i7-1185G7 @ 3.00GHz (family: 0x6, model: 0x8c, stepping: 0x1)
[    0.136000] Performance Events: unsupported p6 CPU model 140 no PMU driver, software events only.
[    0.136209] Hierarchical SRCU implementation.
[    0.137729] NMI watchdog: Perf event create on CPU 0 failed with -2
[    0.138656] NMI watchdog: Perf NMI watchdog permanently disabled
[    0.139693] smp: Bringing up secondary CPUs ...
[    0.140144] x86: Booting SMP configuration:
[    0.140833] .... node  #0, CPUs:      #1
[    0.004000] kvm-clock: cpu 1, msr 0:7ff44041, secondary cpu clock
[    0.144083] smp: Brought up 1 node, 2 CPUs
[    0.144878] smpboot: Max logical packages: 1
[    0.145602] smpboot: Total of 2 processors activated (7274.86 BogoMIPS)
[    0.148300] devtmpfs: initialized
[    0.148759] x86/mm: Memory block size: 128MB
[    0.149720] evm: security.selinux
[    0.150247] evm: security.SMACK64
[    0.150840] evm: security.SMACK64EXEC
[    0.151444] evm: security.SMACK64TRANSMUTE
[    0.152003] evm: security.SMACK64MMAP
[    0.152592] evm: security.apparmor
[    0.153174] evm: security.ima
[    0.153692] evm: security.capability
[    0.154380] clocksource: jiffies: mask: 0xffffffff max_cycles: 0xffffffff, max_idle_ns: 7645041785100000 ns
[    0.156020] futex hash table entries: 512 (order: 3, 32768 bytes)
[    0.157195] pinctrl core: initialized pinctrl subsystem
[    0.158229] RTC time: 17:09:11, date: 10/21/22
[    0.160133] NET: Registered protocol family 16
[    0.160993] audit: initializing netlink subsys (disabled)
[    0.162149] audit: type=2000 audit(1666372155.786:1): state=initialized audit_enabled=0 res=1
[    0.162149] cpuidle: using governor ladder
[    0.164027] cpuidle: using governor menu
[    0.164895] ACPI: bus type PCI registered
[    0.165551] acpiphp: ACPI Hot Plug PCI Controller Driver version: 0.5
[    0.166793] PCI: Using configuration type 1 for base access
[    0.169570] HugeTLB registered 2.00 MiB page size, pre-allocated 0 pages
[    0.169570] ACPI: Added _OSI(Module Device)
[    0.172014] ACPI: Added _OSI(Processor Device)
[    0.172683] ACPI: Added _OSI(3.0 _SCP Extensions)
[    0.173394] ACPI: Added _OSI(Processor Aggregator Device)
[    0.174248] ACPI: Added _OSI(Linux-Dell-Video)
[    0.174883] ACPI: Added _OSI(Linux-Lenovo-NV-HDMI-Audio)
[    0.175632] ACPI: Added _OSI(Linux-HPI-Hybrid-Graphics)
[    0.176252] ACPI: Executed 1 blocks of module-level executable AML code
[    0.180913] ACPI: Interpreter enabled
[    0.181554] ACPI: (supports S0 S5)
[    0.182274] ACPI: Using IOAPIC for interrupt routing
[    0.184056] PCI: Using host bridge windows from ACPI; if necessary, use "pci=nocrs" and report a bug
[    0.185692] ACPI: Enabled 2 GPEs in block 00 to 07
[    0.191287] ACPI: PCI Root Bridge [PCI0] (domain 0000 [bus 00-ff])
[    0.192006] acpi PNP0A03:00: _OSC: OS supports [ASPM ClockPM Segments MSI]
[    0.193438] acpi PNP0A03:00: _OSC: not requesting OS control; OS requires [ExtendedConfig ASPM ClockPM MSI]
[    0.195038] acpi PNP0A03:00: fail to add MMCONFIG information, can't access extended PCI configuration space under this bridge.
[    0.196336] PCI host bridge to bus 0000:00
[    0.197033] pci_bus 0000:00: root bus resource [io  0x0000-0x0cf7 window]
[    0.198180] pci_bus 0000:00: root bus resource [io  0x0d00-0xffff window]
[    0.200009] pci_bus 0000:00: root bus resource [mem 0x000a0000-0x000bffff window]
[    0.201054] pci_bus 0000:00: root bus resource [mem 0x80000000-0xfdffffff window]
[    0.202617] pci_bus 0000:00: root bus resource [bus 00-ff]
[    0.205553] pci 0000:00:01.1: legacy IDE quirk: reg 0x10: [io  0x01f0-0x01f7]
[    0.206652] pci 0000:00:01.1: legacy IDE quirk: reg 0x14: [io  0x03f6]
[    0.208033] pci 0000:00:01.1: legacy IDE quirk: reg 0x18: [io  0x0170-0x0177]
[    0.209519] pci 0000:00:01.1: legacy IDE quirk: reg 0x1c: [io  0x0376]
[    0.245478] pci 0000:00:07.0: quirk: [io  0x4000-0x403f] claimed by PIIX4 ACPI
[    0.246755] pci 0000:00:07.0: quirk: [io  0x4100-0x410f] claimed by PIIX4 SMB
[    0.259467] ACPI: PCI Interrupt Link [LNKA] (IRQs 5 9 10 *11)
[    0.260321] ACPI: PCI Interrupt Link [LNKB] (IRQs 5 9 *10 11)
[    0.261414] ACPI: PCI Interrupt Link [LNKC] (IRQs 5 *9 10 11)
[    0.262474] ACPI: PCI Interrupt Link [LNKD] (IRQs 5 9 10 *11)
[    0.264284] SCSI subsystem initialized
[    0.264977] pci 0000:00:02.0: vgaarb: setting as boot VGA device
[    0.264977] pci 0000:00:02.0: vgaarb: VGA device added: decodes=io+mem,owns=io+mem,locks=none
[    0.266393] pci 0000:00:02.0: vgaarb: bridge control possible
[    0.268016] vgaarb: loaded
[    0.268580] ACPI: bus type USB registered
[    0.269342] usbcore: registered new interface driver usbfs
[    0.270364] usbcore: registered new interface driver hub
[    0.271304] usbcore: registered new device driver usb
[    0.272068] EDAC MC: Ver: 3.0.0
[    0.272827] PCI: Using ACPI for IRQ routing
[    0.273143] NetLabel: Initializing
[    0.273803] NetLabel:  domain hash size = 128
[    0.276021] NetLabel:  protocols = UNLABELED CIPSOv4 CALIPSO
[    0.277149] NetLabel:  unlabeled traffic allowed by default
[    0.277988] clocksource: Switched to clocksource kvm-clock
[    0.289906] VFS: Disk quotas dquot_6.6.0
[    0.290824] VFS: Dquot-cache hash table entries: 512 (order 0, 4096 bytes)
[    0.292967] AppArmor: AppArmor Filesystem Enabled
[    0.293875] pnp: PnP ACPI init
[    0.295178] pnp: PnP ACPI: found 3 devices
[    0.303803] clocksource: acpi_pm: mask: 0xffffff max_cycles: 0xffffff, max_idle_ns: 2085701024 ns
[    0.305206] NET: Registered protocol family 2
[    0.305952] IP idents hash table entries: 32768 (order: 6, 262144 bytes)
[    0.307696] TCP established hash table entries: 16384 (order: 5, 131072 bytes)
[    0.308795] TCP bind hash table entries: 16384 (order: 6, 262144 bytes)
[    0.310201] TCP: Hash tables configured (established 16384 bind 16384)
[    0.311245] UDP hash table entries: 1024 (order: 3, 32768 bytes)
[    0.312229] UDP-Lite hash table entries: 1024 (order: 3, 32768 bytes)
[    0.313202] NET: Registered protocol family 1
[    0.313853] pci 0000:00:00.0: Limiting direct PCI/PCI transfers
[    0.314717] pci 0000:00:01.0: Activating ISA DMA hang workarounds
[    0.315616] pci 0000:00:02.0: Video device with shadowed ROM at [mem 0x000c0000-0x000dffff]
[    0.316959] Unpacking initramfs...
[    0.625045] Freeing initrd memory: 19532K
[    0.625904] clocksource: tsc: mask: 0xffffffffffffffff max_cycles: 0x1a373b00d84, max_idle_ns: 440795282419 ns
[    0.627620] platform rtc_cmos: registered platform RTC device (no PNP device found)
[    0.629119] Scanning for low memory corruption every 60 seconds
[    0.631185] Initialise system trusted keyrings
[    0.632055] Key type blacklist registered
[    0.632848] workingset: timestamp_bits=36 max_order=19 bucket_order=0
[    0.634764] zbud: loaded
[    0.635633] squashfs: version 4.0 (2009/01/31) Phillip Lougher
[    0.636904] fuse init (API version 7.26)
[    0.639200] Key type asymmetric registered
[    0.639796] Asymmetric key parser 'x509' registered
[    0.640571] Block layer SCSI generic (bsg) driver version 0.4 loaded (major 246)
[    0.641658] io scheduler noop registered
[    0.642245] io scheduler deadline registered
[    0.642854] io scheduler cfq registered (default)
[    0.643762] ACPI: AC Adapter [AC] (on-line)
[    0.644428] input: Power Button as /devices/LNXSYSTM:00/LNXPWRBN:00/input/input0
[    0.645509] ACPI: Power Button [PWRF]
[    0.646134] input: Sleep Button as /devices/LNXSYSTM:00/LNXSLPBN:00/input/input1
[    0.647268] ACPI: Sleep Button [SLPF]
[    0.648625] ACPI: Battery Slot [BAT0] (battery present)
[    0.649500] Serial: 8250/16550 driver, 32 ports, IRQ sharing enabled
[    0.671171] 00:02: ttyS0 at I/O 0x3f8 (irq = 4, base_baud = 115200) is a 16550A
[    0.673975] Linux agpgart interface v0.103
[    0.675839] loop: module loaded
[    0.676902] scsi host0: ata_piix
[    0.677529] scsi host1: ata_piix
[    0.678039] ata1: PATA max UDMA/33 cmd 0x1f0 ctl 0x3f6 bmdma 0xd000 irq 14
[    0.678941] ata2: PATA max UDMA/33 cmd 0x170 ctl 0x376 bmdma 0xd008 irq 15
[    0.680107] tun: Universal TUN/TAP device driver, 1.6
[    0.680895] PPP generic driver version 2.4.2
[    0.681630] ehci_hcd: USB 2.0 'Enhanced' Host Controller (EHCI) Driver
[    0.682491] ehci-pci: EHCI PCI platform driver
[    0.683111] ehci-platform: EHCI generic platform driver
[    0.683829] ohci_hcd: USB 1.1 'Open' Host Controller (OHCI) Driver
[    0.684743] ohci-pci: OHCI PCI platform driver
[    0.685412] ohci-platform: OHCI generic platform driver
[    0.686178] uhci_hcd: USB Universal Host Controller Interface driver
[    0.687382] i8042: PNP: PS/2 Controller [PNP0303:PS2K,PNP0f03:PS2M] at 0x60,0x64 irq 1,12
[    0.689354] serio: i8042 KBD port at 0x60,0x64 irq 1
[    0.690113] serio: i8042 AUX port at 0x60,0x64 irq 12
[    0.691114] mousedev: PS/2 mouse device common for all mice
[    0.692428] input: AT Translated Set 2 keyboard as /devices/platform/i8042/serio0/input/input2
[    0.694057] rtc_cmos rtc_cmos: rtc core: registered rtc_cmos as rtc0
[    0.695129] rtc_cmos rtc_cmos: alarms up to one day, 114 bytes nvram
[    0.696195] i2c /dev entries driver
[    0.696887] device-mapper: uevent: version 1.0.3
[    0.697786] device-mapper: ioctl: 4.37.0-ioctl (2017-09-20) initialised: dm-devel@redhat.com
[    0.699231] ledtrig-cpu: registered to indicate activity on CPUs
[    0.700554] NET: Registered protocol family 10
[    0.704992] Segment Routing with IPv6
[    0.705865] NET: Registered protocol family 17
[    0.706719] Key type dns_resolver registered
[    0.707641] mce: Using 0 MCE banks
[    0.708262] RAS: Correctable Errors collector initialized.
[    0.709160] sched_clock: Marking stable (708242932, 0)->(847490700, -139247768)
[    0.710763] registered taskstats version 1
[    0.711480] Loading compiled-in X.509 certificates
[    0.714865] Loaded X.509 cert 'Build time autogenerated kernel key: 6303a3b02fa1c7713b8a75ba7ba622fabd5dd271'
[    0.717123] Loaded X.509 cert 'Canonical Ltd. Live Patch Signing: 14df34d1a87cf37625abec039ef2bf521249b969'
[    0.719739] Loaded X.509 cert 'Canonical Ltd. Kernel Module Signing: 88f752e560a1e0737e31163a466ad7b70a850c19'
[    0.721584] blacklist: Loading compiled-in revocation X.509 certificates
[    0.722464] Loaded X.509 cert 'Canonical Ltd. Secure Boot Signing: 61482aa2830d0ab2ad5af10b7250da9033ddcef0'
[    0.723741] zswap: loaded using pool lzo/zbud
[    0.727082] Key type big_key registered
[    0.727649] Key type trusted registered
[    0.729543] Key type encrypted registered
[    0.730098] AppArmor: AppArmor sha1 policy hashing enabled
[    0.730841] ima: No TPM chip found, activating TPM-bypass! (rc=-19)
[    0.731643] ima: Allocated hash algorithm: sha1
[    0.732285] evm: HMAC attrs: 0x1
[    0.732953]   Magic number: 10:24:189
[    0.733554] rtc_cmos rtc_cmos: setting system clock to 2022-10-21 17:09:11 UTC (1666372151)
[    0.734717] BIOS EDD facility v0.16 2004-Jun-25, 0 devices found
[    0.735522] EDD information not available.
[    0.864726] Freeing unused kernel image memory: 2472K
[    0.876080] Write protecting the kernel read-only data: 20480k
[    0.877366] Freeing unused kernel image memory: 2008K
[    0.878346] Freeing unused kernel image memory: 1824K
[    0.883394] x86/mm: Checked W+X mappings: passed, no W+X pages found.
[    0.884499] x86/mm: Checking user space page tables
[    0.889080] x86/mm: Checked W+X mappings: passed, no W+X pages found.
Loading, please wait...
starting version 237
[    0.939382] e1000: Intel(R) PRO/1000 Network Driver - version 7.3.21-k8-NAPI
[    0.940359] e1000: Copyright (c) 1999-2006 Intel Corporation.
[    0.943514] Fusion MPT base driver 3.04.20
[    0.944077] Copyright (c) 1999-2008 LSI Corporation
[    0.960812] AVX2 version of gcm_enc/dec engaged.
[    0.961631] AES CTR mode by8 optimization enabled
[    0.963340] Fusion MPT SPI Host driver 3.04.20
[    1.168828] input: ImExPS/2 Generic Explorer Mouse as /devices/platform/i8042/serio1/input/input4
[    1.642981] e1000 0000:00:03.0 eth0: (PCI:33MHz:32-bit) 02:2d:21:26:aa:88
[    1.643751] e1000 0000:00:03.0 eth0: Intel(R) PRO/1000 Network Connection
[    2.758543] e1000 0000:00:08.0 eth1: (PCI:33MHz:32-bit) 08:00:27:67:f0:ce
[    2.759340] e1000 0000:00:08.0 eth1: Intel(R) PRO/1000 Network Connection
[    2.761005] e1000 0000:00:03.0 enp0s3: renamed from eth0
[    2.761563] mptbase: ioc0: Initiating bringup
[    2.843207] e1000 0000:00:08.0 enp0s8: renamed from eth1
[    2.864207] ioc0: LSI53C1030 A0: Capabilities={Initiator}
[    3.105006] scsi host2: ioc0: LSI53C1030 A0, FwRev=00000000h, Ports=1, MaxQ=256, IRQ=20
[    3.272625] scsi 2:0:0:0: Direct-Access     VBOX     HARDDISK         1.0  PQ: 0 ANSI: 5
[    3.304057] scsi target2:0:0: Beginning Domain Validation
[    3.305382] scsi target2:0:0: Domain Validation skipping write tests
[    3.306206] scsi target2:0:0: Ending Domain Validation
[    3.306945] scsi target2:0:0: asynchronous
[    3.307749] scsi 2:0:1:0: Direct-Access     VBOX     HARDDISK         1.0  PQ: 0 ANSI: 5
[    3.340087] scsi target2:0:1: Beginning Domain Validation
[    3.341198] scsi target2:0:1: Domain Validation skipping write tests
[    3.341835] scsi target2:0:1: Ending Domain Validation
[    3.342498] scsi target2:0:1: asynchronous
[    3.344908] sd 2:0:0:0: [sda] 83886080 512-byte logical blocks: (42.9 GB/40.0 GiB)
[    3.346079] sd 2:0:0:0: Attached scsi generic sg0 type 0
[    3.346631] sd 2:0:0:0: [sda] Write Protect is off
[    3.347230] sd 2:0:0:0: [sda] Incomplete mode parameter data
[    3.347810] sd 2:0:0:0: [sda] Assuming drive cache: write through
[    3.348787] sd 2:0:1:0: [sdb] 20480 512-byte logical blocks: (10.5 MB/10.0 MiB)
[    3.349611] sd 2:0:1:0: Attached scsi generic sg1 type 0
[    3.350232] sd 2:0:1:0: [sdb] Write Protect is off
[    3.350898] sd 2:0:1:0: [sdb] Incomplete mode parameter data
[    3.351500] sd 2:0:1:0: [sdb] Assuming drive cache: write through
[    3.352114]  sda: sda1
[    3.352878] sd 2:0:0:0: [sda] Attached SCSI disk
[    3.353842] sd 2:0:1:0: [sdb] Attached SCSI disk
Begin: Loading essential drivers ... [    4.787962] raid6: sse2x1   gen() 14354 MB/s
[    4.840552] raid6: sse2x1   xor()  8654 MB/s
[    4.900264] raid6: sse2x2   gen() 15515 MB/s
[    4.959268] raid6: sse2x2   xor() 11872 MB/s
[    5.016830] raid6: sse2x4   gen() 19013 MB/s
[    5.077367] raid6: sse2x4   xor()  8371 MB/s
[    5.136109] raid6: avx2x1   gen() 23486 MB/s
[    5.191998] raid6: avx2x1   xor() 16615 MB/s
[    5.240091] raid6: avx2x2   gen() 25119 MB/s
[    5.291898] raid6: avx2x2   xor() 20779 MB/s
[    5.348803] raid6: avx2x4   gen() 32119 MB/s
[    5.400356] raid6: avx2x4   xor() 10833 MB/s
[    5.401632] raid6: using algorithm avx2x4 gen() 32119 MB/s
[    5.402557] raid6: .... xor() 10833 MB/s, rmw enabled
[    5.405223] raid6: using avx2x2 recovery algorithm
[    5.409758] xor: automatically using best checksumming function   avx       
[    5.411830] async_tx: api initialized (async)
done.
Begin: Running /scripts/init-premount ... done.
Begin: Mounting root file system ... Begin: Running /scripts/local-top ... done.
Begin: Running /scripts/local-premount ... [    5.469768] Btrfs loaded, crc32c=crc32c-intel
Scanning for Btrfs filesystems
done.
Warning: fsck not present, so skipping root file system
[    5.494316] EXT4-fs (sda1): mounted filesystem with ordered data mode. Opts: (null)
done.
Begin: Running /scripts/local-bottom ... done.
Begin: Running /scripts/init-bottom ... done.
[    5.636815] ip_tables: (C) 2000-2006 Netfilter Core Team
[    5.647443] systemd[1]: systemd 237 running in system mode. (+PAM +AUDIT +SELINUX +IMA +APPARMOR +SMACK +SYSVINIT +UTMP +LIBCRYPTSETUP +GCRYPT +GNUTLS +ACL +XZ +LZ4 +SECCOMP +BLKID +ELFUTILS +KMOD -IDN2 +IDN -PCRE2 default-hierarchy=hybrid)
[    5.651728] systemd[1]: Detected virtualization oracle.
[    5.652933] systemd[1]: Detected architecture x86-64.

Welcome to [1mUbuntu 18.04.6 LTS[0m!

[    5.658781] systemd[1]: Set hostname to <ubuntu>.
[    5.661577] systemd[1]: Initializing machine ID from random generator.
[    5.662674] systemd[1]: Installed transient /etc/machine-id file.
[    5.873767] systemd[1]: Reached target Swap.
[[0;32m  OK  [0m] Reached target Swap.
[    5.875152] systemd[1]: Set up automount Arbitrary Executable File Formats File System Automount Point.
[[0;32m  OK  [0m] Set up automount Arbitrary Executab…rmats File System Automount Point.
[    5.879168] systemd[1]: Created slice System Slice.
[[0;32m  OK  [0m] Created slice System Slice.
[    5.880555] systemd[1]: Listening on Device-mapper event daemon FIFOs.
[[0;32m  OK  [0m] Listening on Device-mapper event daemon FIFOs.
[[0;32m  OK  [0m] Listening on LVM2 poll daemon socket.
[[0;32m  OK  [0m] Listening on fsck to fsckd communication Socket.
[[0;32m  OK  [0m] Listening on Journal Audit Socket.
[[0;32m  OK  [0m] Listening on Syslog Socket.
[[0;32m  OK  [0m] Listening on Journal Socket (/dev/log).
[[0;32m  OK  [0m] Started Forward Password Requests to Wall Directory Watch.
[[0;32m  OK  [0m] Listening on Journal Socket.
         Starting Load Kernel Modules...
         Mounting Huge Pages File System...
         Starting File System Check on Root Device...
[[0;32m  OK  [0m] Reached target System Time Synchronized.
[[0;32m  OK  [0m] Listening on Network Service Netlink Socket.
[[0;32m  OK  [0m] Created slice User and Session Slice.
[[0;32m  OK  [0m] Reached target Slices.
         Starting Uncomplicated firewall...
[[0;32m  OK  [0m] Listening on /dev/initctl Compatibility Named Pipe.
[[0;32m  OK  [0m] Listening on udev Kernel Socket.
         Starting Journal Service...
         Mounting Kernel Debug File System...
[[0;32m  OK  [0m] Listening on LVM2 metadata daemon socket.
         Starting Monitoring of LVM2 mirrors…ng dmeventd or progress polling...
         Starting Create list of required st…ce nodes for the current kernel...
[[0;32m  OK  [0m] Reached target User and Group Name Lookups.
[[0;32m  OK  [0m] Created slice system-serial\x2dgetty.slice.
[[0;32m  OK  [0m] Listening on udev Control Socket.
         Starting udev Coldplug all Devices...
         Mounting POSIX Message Queue File System...
         Starting Set the console keyboard layout...
[[0;32m  OK  [0m] Started File System Check Daemon to report status.
[[0;32m  OK  [0m] Started Uncomplicated firewall.
[[0;32m  OK  [0m] Started LVM2 metadata daemon.
[[0;32m  OK  [0m] Started Create list of required sta…vice nodes for the current kernel.
         Starting Create Static Device Nodes in /dev...
[[0;32m  OK  [0m] Mounted POSIX Message Queue File System.
[[0;32m  OK  [0m] Mounted Kernel Debug File System.
[[0;32m  OK  [0m] Mounted Huge Pages File System.
[    5.975219] Loading iSCSI transport class v2.0-870.
[    5.981502] iscsi: registered transport (tcp)
[[0;32m  OK  [0m] Started udev Coldplug all Devices.
[    5.998215] iscsi: registered transport (iser)
[[0;32m  OK  [0m] Started Load Kernel Modules.
         Mounting Kernel Configuration File System...
         Starting Apply Kernel Variables...
         Mounting FUSE Control File System...
[[0;32m  OK  [0m] Mounted Kernel Configuration File System.
[[0;32m  OK  [0m] Mounted FUSE Control File System.
[[0;32m  OK  [0m] Started Journal Service.
[[0;32m  OK  [0m] Started Create Static Device Nodes in /dev.
[[0;32m  OK  [0m] Started File System Check on Root Device.
         Starting Remount Root and Kernel File Systems...
[[0;32m  OK  [0m] Started Monitoring of LVM2 mirrors,…sing dmeventd or progress polling.
[[0;32m  OK  [0m] Started Apply Kernel Variables.
[[0;32m  OK  [0m] Started Remount Root and Kernel File Systems.
         Starting Load/Save Random Seed...
         Starting Flush Journal to Persistent Storage...
         Starting udev Kernel Device Manager...
[[0;32m  OK  [0m] Started Load/Save Random Seed.
[[0;32m  OK  [0m] Started udev Kernel Device Manager.
[[0;32m  OK  [0m] Started Set the console keyboard layout.
[[0;32m  OK  [0m] Started Dispatch Password Requests to Console Directory Watch.
[[0;32m  OK  [0m] Reached target Local Encrypted Volumes.
[[0;32m  OK  [0m] Reached target Local File Systems (Pre).
[[0;32m  OK  [0m] Reached target Local File Systems.
         Starting Set console font and keymap...
         Starting ebtables ruleset management...
         Starting AppArmor initialization...
         Starting Commit a transient machine-id on disk...
         Starting Tell Plymouth To Write Out Runtime Data...
[[0;32m  OK  [0m] Started Flush Journal to Persistent Storage.
[[0;32m  OK  [0m] Started Set console font and keymap.
         Starting Create Volatile Files and Directories...
[[0;32m  OK  [0m] Started Tell Plymouth To Write Out Runtime Data.
[[0;32m  OK  [0m] Started Create Volatile Files and Directories.
         Starting Update UTMP about System Boot/Shutdown...
[[0;32m  OK  [0m] Started Update UTMP about System Boot/Shutdown.
[[0;32m  OK  [0m] Started Commit a transient machine-id on disk.
[[0;32m  OK  [0m] Started ebtables ruleset management.
[[0;32m  OK  [0m] Found device /dev/ttyS0.
[[0;32m  OK  [0m] Listening on Load/Save RF Kill Switch Status /dev/rfkill Watch.
[[0;32m  OK  [0m] Started AppArmor initialization.
         Starting Initial cloud-init job (pre-networking)...
         Starting Load AppArmor profiles managed internally by snapd...
[[0;32m  OK  [0m] Started Load AppArmor profiles managed internally by snapd.
[    8.242911] cloud-init[564]: Cloud-init v. 22.3.4-0ubuntu1~18.04.1 running 'init-local' at Fri, 21 Oct 2022 17:09:18 +0000. Up 7.87 seconds.
[[0;32m  OK  [0m] Started Initial cloud-init job (pre-networking).
[[0;32m  OK  [0m] Reached target Network (Pre).
         Starting Network Service...
[[0;32m  OK  [0m] Started Network Service.
         Starting Network Name Resolution...
         Starting Wait for Network to be Configured...
[[0;32m  OK  [0m] Started Network Name Resolution.
[[0;32m  OK  [0m] Reached target Host and Network Name Lookups.
[[0;32m  OK  [0m] Reached target Network.
[[0;32m  OK  [0m] Started Wait for Network to be Configured.
         Starting Initial cloud-init job (metadata service crawler)...
[   10.018932] cloud-init[696]: Cloud-init v. 22.3.4-0ubuntu1~18.04.1 running 'init' at Fri, 21 Oct 2022 17:09:20 +0000. Up 9.90 seconds.
[   10.020351] cloud-init[696]: ci-info: ++++++++++++++++++++++++++++++++++++++Net device info+++++++++++++++++++++++++++++++++++++++
[   10.022218] cloud-init[696]: ci-info: +--------+-------+----------------------------+---------------+--------+-------------------+
[   10.023253] cloud-init[696]: ci-info: | Device |   Up  |          Address           |      Mask     | Scope  |     Hw-Address    |
[   10.024337] cloud-init[696]: ci-info: +--------+-------+----------------------------+---------------+--------+-------------------+
[   10.025368] cloud-init[696]: ci-info: | enp0s3 |  True |         10.0.2.15          | 255.255.255.0 | global | 02:2d:21:26:aa:88 |
[   10.026393] cloud-init[696]: ci-info: | enp0s3 |  True | fe80::2d:21ff:fe26:aa88/64 |       .       |  link  | 02:2d:21:26:aa:88 |
[   10.027573] cloud-init[696]: ci-info: | enp0s8 | False |             .              |       .       |   .    | 08:00:27:67:f0:ce |
[   10.028851] cloud-init[696]: ci-info: |   lo   |  True |         127.0.0.1          |   255.0.0.0   |  host  |         .         |
[   10.030279] cloud-init[696]: ci-info: |   lo   |  True |          ::1/128           |       .       |  host  |         .         |
[   10.031807] cloud-init[696]: ci-info: +--------+-------+----------------------------+---------------+--------+-------------------+
[   10.033411] cloud-init[696]: ci-info: ++++++++++++++++++++++++++++Route IPv4 info+++++++++++++++++++++++++++++
[   10.034667] cloud-init[696]: ci-info: +-------+-------------+----------+-----------------+-----------+-------+
[   10.035911] cloud-init[696]: ci-info: | Route | Destination | Gateway  |     Genmask     | Interface | Flags |
[   10.037247] cloud-init[696]: ci-info: +-------+-------------+----------+-----------------+-----------+-------+
[   10.038556] cloud-init[696]: ci-info: |   0   |   0.0.0.0   | 10.0.2.2 |     0.0.0.0     |   enp0s3  |   UG  |
[   10.039874] cloud-init[696]: ci-info: |   1   |   10.0.2.0  | 0.0.0.0  |  255.255.255.0  |   enp0s3  |   U   |
[   10.041307] cloud-init[696]: ci-info: |   2   |   10.0.2.2  | 0.0.0.0  | 255.255.255.255 |   enp0s3  |   UH  |
[   10.042434] cloud-init[696]: ci-info: +-------+-------------+----------+-----------------+-----------+-------+
[   10.056244] cloud-init[696]: ci-info: +++++++++++++++++++Route IPv6 info+++++++++++++++++++
[   10.057318] cloud-init[696]: ci-info: +-------+-------------+---------+-----------+-------+
[   10.058414] cloud-init[696]: ci-info: | Route | Destination | Gateway | Interface | Flags |
[   10.059515] cloud-init[696]: ci-info: +-------+-------------+---------+-----------+-------+
[   10.060625] cloud-init[696]: ci-info: |   1   |  fe80::/64  |    ::   |   enp0s3  |   U   |
[   10.061927] cloud-init[696]: ci-info: |   3   |    local    |    ::   |   enp0s3  |   U   |
[   10.065348] cloud-init[696]: ci-info: |   4   |   ff00::/8  |    ::   |   enp0s3  |   U   |
[   10.066288] cloud-init[696]: ci-info: +-------+-------------+---------+-----------+-------+
[   10.526867] cloud-init[696]: Generating public/private rsa key pair.
[   10.527454] cloud-init[696]: Your identification has been saved in /etc/ssh/ssh_host_rsa_key.
[   10.528546] cloud-init[696]: Your public key has been saved in /etc/ssh/ssh_host_rsa_key.pub.
[   10.529492] cloud-init[696]: The key fingerprint is:
[   10.530079] cloud-init[696]: SHA256:2KmMraahtvQWO1tp0dMm3IbYMVT6WbD4rLeJlK3k42w root@ubuntu-bionic
[   10.530945] cloud-init[696]: The key's randomart image is:
[   10.531341] cloud-init[696]: +---[RSA 2048]----+
[   10.531834] cloud-init[696]: |       ..o       |
[   10.532353] cloud-init[696]: |      . o o      |
[   10.532862] cloud-init[696]: |       = . .     |
[   10.533376] cloud-init[696]: |      =oX.o      |
[   10.533891] cloud-init[696]: |     o.BSX       |
[   10.534405] cloud-init[696]: |   . +o.O        |
[   10.534915] cloud-init[696]: | .. +++= o       |
[   10.535432] cloud-init[696]: |.o.=+.=E+ o      |
[   10.536007] cloud-init[696]: |o.+=+ o*.o       |
[   10.536566] cloud-init[696]: +----[SHA256]-----+
[   10.537081] cloud-init[696]: Generating public/private dsa key pair.
[   10.537760] cloud-init[696]: Your identification has been saved in /etc/ssh/ssh_host_dsa_key.
[   10.538634] cloud-init[696]: Your public key has been saved in /etc/ssh/ssh_host_dsa_key.pub.
[   10.539526] cloud-init[696]: The key fingerprint is:
[   10.540156] cloud-init[696]: SHA256:1Dc3C8ElJWfiwTE4hRVo2HWTB8BkBZQXOZGMhie8ht0 root@ubuntu-bionic
[   10.541134] cloud-init[696]: The key's randomart image is:
[   10.541702] cloud-init[696]: +---[DSA 1024]----+
[   10.542222] cloud-init[696]: |         + #^%%B |
[   10.542724] cloud-init[696]: |        ..@oO@B..|
[   10.543233] cloud-init[696]: |        .+.B=.oo |
[   10.543736] cloud-init[696]: |       .. +.E+ o |
[   10.544302] cloud-init[696]: |        S.    .  |
[   10.544814] cloud-init[696]: |                 |
[   10.556324] cloud-init[696]: |                 |
[   10.556755] cloud-init[696]: |                 |
[   10.557253] cloud-init[696]: |                 |
[   10.557721] cloud-init[696]: +----[SHA256]-----+
[   10.558227] cloud-init[696]: Generating public/private ecdsa key pair.
[   10.558867] cloud-init[696]: Your identification has been saved in /etc/ssh/ssh_host_ecdsa_key.
[   10.559669] cloud-init[696]: Your public key has been saved in /etc/ssh/ssh_host_ecdsa_key.pub.
[   10.560512] cloud-init[696]: The key fingerprint is:
[   10.561047] cloud-init[696]: SHA256:w7adKmOS/TjKCxBQambqj6LSEVTIS+VPgnJReqW2XOo root@ubuntu-bionic
[   10.561904] cloud-init[696]: The key's randomart image is:
[   10.562519] cloud-init[696]: +---[ECDSA 256]---+
[   10.563003] cloud-init[696]: |.oo=+ .          |
[   10.563482] cloud-init[696]: |..== o           |
[   10.563964] cloud-init[696]: |+*+.* o          |
[   10.564488] cloud-init[696]: |=+o+ B .         |
[   10.564978] cloud-init[696]: |o  .+ . S        |
[   10.565465] cloud-init[696]: |....   . + .     |
[   10.565954] cloud-init[696]: | o..Eo  . o      |
[   10.566431] cloud-init[696]: |o +oo *. .       |
[   10.566912] cloud-init[696]: |=. .+=.=o        |
[   10.567415] cloud-init[696]: +----[SHA256]-----+
[   10.568008] cloud-init[696]: Generating public/private ed25519 key pair.
[   10.568682] cloud-init[696]: Your identification has been saved in /etc/ssh/ssh_host_ed25519_key.
[   10.569448] [[0;32m  OK  [0m] Started Initial cloud-init job (metadata service crawler).
[[0;32m  OK  [0m] Reached target System Initialization.
[[0;32m  OK  [0m] Listening on cloud-init hotplug hook socket.
cloud-init[696]: Your public key has been saved in /etc/ssh/ssh_host_ed25519_key.pub.
[   10.572566] cloud-init[696]: The key fingerprint is:
[   10.573024] cloud-init[696]: SHA256:e7FvOsAefx+MFrx6hj9VuHaqIFLSvCgXD7B/2eFvQek root@ubuntu-bionic
[   10.573788] cloud-init[696]: The key's randomart image is:
[   10.574300] cloud-init[696]: +--[ED25519 256]--+
[   10.574790] cloud-init[696]: |                 |
[   10.575273] cloud-init[696]: |                 |
[   10.575762] cloud-init[696]: |    .        . . |
[   10.575807] cloud-init[696]: |     o o   .o . .|
[   10.576341] cloud-init[696]: |    . +.S ooo  o |
[   10.576715] cloud-init[696]: |     . B+* +E=+ .|
[   10.577114] cloud-init[696]: |    . =.B+*.++oo |
[   10.577408] cloud-init[696]: |     o o.o+*B .. |
[   10.577764] cloud-init[696]: |          oX=+.  |
[   10.577974] cloud-init[696]: +----[SHA256]-----+
         Starting Socket activation for snappy daemon.
[[0;32m  OK  [0m] Started Discard unused blocks once a week.
[[0;32m  OK  [0m] Started ACPI Events Check.
[[0;32m  OK  [0m] Listening on ACPID Listen Socket.
[[0;32m  OK  [0m] Started Message of the Day.
[[0;32m  OK  [0m] Listening on Open-iSCSI iscsid Socket.
[[0;32m  OK  [0m] Listening on UUID daemon activation socket.
[[0;32m  OK  [0m] Started Daily Cleanup of Temporary Directories.
[[0;32m  OK  [0m] Listening on D-Bus System Message Bus Socket.
[[0;32m  OK  [0m] Started Daily apt download activities.
[[0;32m  OK  [0m] Started Daily apt upgrade and clean activities.
         Starting LXD - unix socket.
[[0;32m  OK  [0m] Started Ubuntu Advantage Timer for running repeated jobs.
[[0;32m  OK  [0m] Reached target Timers.
[[0;32m  OK  [0m] Reached target Paths.
[[0;32m  OK  [0m] Reached target Network is Online.
[[0;32m  OK  [0m] Reached target Remote File Systems (Pre).
[[0;32m  OK  [0m] Reached target Remote File Systems.
         Starting Availability of block devices...
[[0;32m  OK  [0m] Reached target Cloud-config availability.
[[0;32m  OK  [0m] Listening on Socket activation for snappy daemon.
[[0;32m  OK  [0m] Listening on LXD - unix socket.
[[0;32m  OK  [0m] Started Availability of block devices.
[[0;32m  OK  [0m] Reached target Sockets.
[[0;32m  OK  [0m] Reached target Basic System.
         Starting Accounts Service...
         Starting Login Service...
         Starting LXD - container startup/shutdown...
         Starting Pollinate to seed the pseudo random number generator...
[[0;32m  OK  [0m] Started D-Bus System Message Bus.
         Starting LSB: Record successful boot for GRUB...
[[0;32m  OK  [0m] Started Deferred execution scheduler.
[[0;32m  OK  [0m] Started Regular background program processing daemon.
         Starting LSB: automatic crash report generation...
[[0;32m  OK  [0m] Started FUSE filesystem for LXC.
         Starting Permit User Sessions...
         Starting Dispatcher daemon for systemd-networkd...
         Starting System Logging Service...
[[0;32m  OK  [0m] Started irqbalance daemon.
         Starting Virtualbox guest utils...
         Starting Snap Daemon...
[[0;32m  OK  [0m] Started System Logging Service.
[[0;32m  OK  [0m] Started LXD - container startup/shutdown.
[[0;32m  OK  [0m] Started Permit User Sessions.
[[0;32m  OK  [0m] Started Login Service.
[[0;32m  OK  [0m] Started Unattended Upgrades Shutdown.
         Starting Authorization Manager...
         Starting Hold until boot process finishes up...
         Starting Terminate Plymouth Boot Screen...
[[0;32m  OK  [0m] Started Hold until boot process finishes up.
         Starting Set console scheme...
[[0;32m  OK  [0m] Started Serial Getty on ttyS0.
[[0;32m  OK  [0m] Started Terminate Plymouth Boot Screen.
[[0;32m  OK  [0m] Started Authorization Manager.
[[0;32m  OK  [0m] Started Accounts Service.
[[0;32m  OK  [0m] Started Set console scheme.
[[0;32m  OK  [0m] Created slice system-getty.slice.
[[0;32m  OK  [0m] Started Getty on tty1.
[[0;32m  OK  [0m] Reached target Login Prompts.
[[0;32m  OK  [0m] Started LSB: automatic crash report generation.
[[0;32m  OK  [0m] Started LSB: Record successful boot for GRUB.
[[0;32m  OK  [0m] Started Virtualbox guest utils.
[[0;32m  OK  [0m] Started Dispatcher daemon for systemd-networkd.
[[0;32m  OK  [0m] Started Snap Daemon.
         Starting Wait until snapd is fully seeded...
[[0;32m  OK  [0m] Started Pollinate to seed the pseudo random number generator.
         Starting OpenBSD Secure Shell server...
[[0;32m  OK  [0m] Started OpenBSD Secure Shell server.
         Starting Time & Date Service...
[[0;32m  OK  [0m] Started Time & Date Service.
[[0;32m  OK  [0m] Created slice User Slice of vagrant.
         Starting User Manager for UID 1000...
[[0;32m  OK  [0m] Started Session 1 of user vagrant.
[[0;32m  OK  [0m] Started User Manager for UID 1000.
[[0;32m  OK  [0m] Started Wait until snapd is fully seeded.
         Starting Apply the settings specified in cloud-config...
[   14.063046] cloud-init[1321]: Cloud-init v. 22.3.4-0ubuntu1~18.04.1 running 'modules:config' at Fri, 21 Oct 2022 17:09:24 +0000. Up 13.25 seconds.
[[0;32m  OK  [0m] Started Apply the settings specified in cloud-config.
[[0;32m  OK  [0m] Reached target Multi-User System.
[[0;32m  OK  [0m] Reached target Graphical Interface.
         Starting Update UTMP about System Runlevel Changes...
         Starting Execute cloud user/final scripts...
[[0;32m  OK  [0m] Started Update UTMP about System Runlevel Changes.
ci-info: no authorized SSH keys fingerprints found for user ubuntu.
<14>Oct 21 17:09:25 cloud-init: #############################################################
<14>Oct 21 17:09:25 cloud-init: -----BEGIN SSH HOST KEY FINGERPRINTS-----
<14>Oct 21 17:09:25 cloud-init: 1024 SHA256:1Dc3C8ElJWfiwTE4hRVo2HWTB8BkBZQXOZGMhie8ht0 root@ubuntu-bionic (DSA)
<14>Oct 21 17:09:25 cloud-init: 256 SHA256:w7adKmOS/TjKCxBQambqj6LSEVTIS+VPgnJReqW2XOo root@ubuntu-bionic (ECDSA)
<14>Oct 21 17:09:25 cloud-init: 256 SHA256:e7FvOsAefx+MFrx6hj9VuHaqIFLSvCgXD7B/2eFvQek root@ubuntu-bionic (ED25519)
<14>Oct 21 17:09:25 cloud-init: 2048 SHA256:2KmMraahtvQWO1tp0dMm3IbYMVT6WbD4rLeJlK3k42w root@ubuntu-bionic (RSA)
<14>Oct 21 17:09:25 cloud-init: -----END SSH HOST KEY FINGERPRINTS-----
<14>Oct 21 17:09:25 cloud-init: #############################################################
-----BEGIN SSH HOST KEY KEYS-----
ecdsa-sha2-nistp256 AAAAE2VjZHNhLXNoYTItbmlzdHAyNTYAAAAIbmlzdHAyNTYAAABBBBjZC4Nlsc2NsExV2I+pLoKDyPdk9OUsdQUqVbaOl3Pmo8o2XFsz8AA84Xw5hGQmezRr9RgkVehm/GP0+won5QE= root@ubuntu-bionic
ssh-ed25519 AAAAC3NzaC1lZDI1NTE5AAAAIGhIaWIkWhlPG2cyLh1npEMuZl7UVXrP+lBEaAefyNvp root@ubuntu-bionic
ssh-rsa AAAAB3NzaC1yc2EAAAADAQABAAABAQDVUQ9yKjhsWFYbWgLrqCJqAzsvrXmoEb1A3RdGQh3DyZKjQ/bSw+JrVhRvwoauMLH+OUW9vMNIJkA5Sfp0t5B+RBkwhgfGQYE30cKs8PE+PX48x9nm+jwDT2pzkLBuP02KpFTq3exY3TNuyeCnEzzr4hhs/DIIwr/9z1qnRdkOKyXeorHovyfXI7WxLeq2w6gjmk4a3jwR66N+z7VmfmjEzUa0GbbIF4MZXglye1sdl8AeeqWzd3+NdCl5Z6yTQt2OCnFqe1CSCgvR85t+z4me3zeU+I85v0I11k7vyNSMheqxizVmzens8Lf2M4gLMUfsMggNPQFiGdJxvU6/MiKF root@ubuntu-bionic
-----END SSH HOST KEY KEYS-----
[   15.120640] cloud-init[1441]: Cloud-init v. 22.3.4-0ubuntu1~18.04.1 running 'modules:final' at Fri, 21 Oct 2022 17:09:25 +0000. Up 14.87 seconds.
[   15.122780] cloud-init[1441]: Cloud-init v. 22.3.4-0ubuntu1~18.04.1 finished at Fri, 21 Oct 2022 17:09:25 +0000. Datasource DataSourceNoCloud [seed=/dev/sdb][dsmode=net].  Up 15.10 seconds
[[0;32m  OK  [0m] Started Execute cloud user/final scripts.
[[0;32m  OK  [0m] Reached target Cloud-init target.

Ubuntu 18.04.6 LTS ubuntu-bionic tty[45951.295397] e1000 0000:00:08.0 enp0s8: Reset adapter
